[1123/171234.010:ERROR:process_reader_win.cc(242)] ReadMemory at 0x7ffa1e973000 of 56 bytes failed: Only part of a ReadProcessMemory or WriteProcessMemory request was completed. (0x12B)
[1123/171235.478:WARNING:pe_image_reader.cc(100)] could not read crashpad info from C:\Program Files (x86)\Google\Chrome\Application\70.0.3538.102\chrome_elf.dll
[1123/171235.479:ERROR:process_reader_win.cc(242)] ReadMemory at 0x7ffa34570000 of 64 bytes failed: Only part of a ReadProcessMemory or WriteProcessMemory request was completed. (0x12B)
[1123/171235.479:WARNING:pe_image_reader.cc(302)] could not read dos header from C:\Windows\system32\SHELL32.dll
[1123/171235.479:ERROR:process_reader_win.cc(242)] ReadMemory at 0x7ffa344c0000 of 64 bytes failed: Only part of a ReadProcessMemory or WriteProcessMemory request was completed. (0x12B)
[1123/171235.479:WARNING:pe_image_reader.cc(302)] could not read dos header from C:\Windows\system32\ADVAPI32.dll
[1123/171235.479:ERROR:process_reader_win.cc(242)] ReadMemory at 0x7ffa338f0000 of 64 bytes failed: Only part of a ReadProcessMemory or WriteProcessMemory request was completed. (0x12B)
[1123/171235.479:WARNING:pe_image_reader.cc(302)] could not read dos header from C:\Windows\system32\USER32.dll
[1123/171235.479:ERROR:process_reader_win.cc(242)] ReadMemory at 0x7ffa318e0000 of 64 bytes failed: Only part of a ReadProcessMemory or WriteProcessMemory request was completed. (0x12B)
[1123/171235.479:WARNING:pe_image_reader.cc(302)] could not read dos header from C:\Windows\SYSTEM32\VERSION.dll
[1123/171235.479:ERROR:process_reader_win.cc(242)] ReadMemory at 0x7ffa31860000 of 64 bytes failed: Only part of a ReadProcessMemory or WriteProcessMemory request was completed. (0x12B)
[1123/171235.479:WARNING:pe_image_reader.cc(302)] could not read dos header from C:\Windows\SYSTEM32\WINMM.dll
[1123/171235.479:ERROR:process_reader_win.cc(242)] ReadMemory at 0x7ffa32a00000 of 64 bytes failed: Only part of a ReadProcessMemory or WriteProcessMemory request was completed. (0x12B)
[1123/171235.479:WARNING:pe_image_reader.cc(302)] could not read dos header from C:\Windows\SYSTEM32\USERENV.dll
[1123/171235.479:ERROR:process_reader_win.cc(242)] ReadMemory at 0x7ffa338a0000 of 64 bytes failed: Only part of a ReadProcessMemory or WriteProcessMemory request was completed. (0x12B)
[1123/171235.479:WARNING:pe_image_reader.cc(302)] could not read dos header from C:\Windows\system32\PSAPI.DLL
[1123/171235.479:ERROR:process_reader_win.cc(242)] ReadMemory at 0x7ffa343c0000 of 64 bytes failed: Only part of a ReadProcessMemory or WriteProcessMemory request was completed. (0x12B)
[1123/171235.479:WARNING:pe_image_reader.cc(302)] could not read dos header from C:\Windows\system32\SHLWAPI.dll
[1123/171235.479:ERROR:process_reader_win.cc(242)] ReadMemory at 0x7ffa35980000 of 64 bytes failed: Only part of a ReadProcessMemory or WriteProcessMemory request was completed. (0x12B)
[1123/171235.479:WARNING:pe_image_reader.cc(302)] could not read dos header from C:\Windows\system32\msvcrt.dll
[1123/171235.479:ERROR:process_reader_win.cc(242)] ReadMemory at 0x7ffa33fe0000 of 64 bytes failed: Only part of a ReadProcessMemory or WriteProcessMemory request was completed. (0x12B)
[1123/171235.479:WARNING:pe_image_reader.cc(302)] could not read dos header from C:\Windows\SYSTEM32\combase.dll
[1123/171235.479:ERROR:process_reader_win.cc(242)] ReadMemory at 0x7ffa341c0000 of 64 bytes failed: Only part of a ReadProcessMemory or WriteProcessMemory request was completed. (0x12B)
[1123/171235.479:WARNING:pe_image_reader.cc(302)] could not read dos header from C:\Windows\system32\GDI32.dll
[1123/171235.479:ERROR:process_reader_win.cc(242)] ReadMemory at 0x7ffa33c20000 of 64 bytes failed: Only part of a ReadProcessMemory or WriteProcessMemory request was completed. (0x12B)
[1123/171235.479:WARNING:pe_image_reader.cc(302)] could not read dos header from C:\Windows\SYSTEM32\sechost.dll
[1123/171235.479:ERROR:process_reader_win.cc(242)] ReadMemory at 0x7ffa35ea0000 of 64 bytes failed: Only part of a ReadProcessMemory or WriteProcessMemory request was completed. (0x12B)
[1123/171235.479:WARNING:pe_image_reader.cc(302)] could not read dos header from C:\Windows\system32\RPCRT4.dll
[1123/171235.479:ERROR:process_reader_win.cc(242)] ReadMemory at 0x7ffa314a0000 of 64 bytes failed: Only part of a ReadProcessMemory or WriteProcessMemory request was completed. (0x12B)
[1123/171235.479:WARNING:pe_image_reader.cc(302)] could not read dos header from C:\Windows\SYSTEM32\WINMMBASE.dll
[1123/171235.480:ERROR:process_reader_win.cc(242)] ReadMemory at 0x7ffa33370000 of 64 bytes failed: Only part of a ReadProcessMemory or WriteProcessMemory request was completed. (0x12B)
[1123/171235.480:WARNING:pe_image_reader.cc(302)] could not read dos header from C:\Windows\SYSTEM32\profapi.dll
[1123/171235.480:ERROR:process_reader_win.cc(242)] ReadMemory at 0x7ffa33490000 of 64 bytes failed: Only part of a ReadProcessMemory or WriteProcessMemory request was completed. (0x12B)
[1123/171235.480:WARNING:pe_image_reader.cc(302)] could not read dos header from C:\Windows\SYSTEM32\cfgmgr32.dll
[1123/171235.480:ERROR:process_reader_win.cc(242)] ReadMemory at 0x7ffa321f0000 of 64 bytes failed: Only part of a ReadProcessMemory or WriteProcessMemory request was completed. (0x12B)
[1123/171235.480:WARNING:pe_image_reader.cc(302)] could not read dos header from C:\Windows\SYSTEM32\DEVOBJ.dll
[1123/171235.480:ERROR:process_reader_win.cc(242)] ReadMemory at 0x7ffa332b0000 of 64 bytes failed: Only part of a ReadProcessMemory or WriteProcessMemory request was completed. (0x12B)
[1123/171235.480:WARNING:pe_image_reader.cc(302)] could not read dos header from C:\Windows\SYSTEM32\CRYPTBASE.DLL
[1123/171235.480:ERROR:process_reader_win.cc(242)] ReadMemory at 0x7ffa33250000 of 64 bytes failed: Only part of a ReadProcessMemory or WriteProcessMemory request was completed. (0x12B)
[1123/171235.480:WARNING:pe_image_reader.cc(302)] could not read dos header from C:\Windows\SYSTEM32\bcryptPrimitives.dll
[1123/171235.480:ERROR:process_reader_win.cc(242)] ReadMemory at 0x7ffa338b0000 of 64 bytes failed: Only part of a ReadProcessMemory or WriteProcessMemory request was completed. (0x12B)
[1123/171235.480:WARNING:pe_image_reader.cc(302)] could not read dos header from C:\Windows\system32\IMM32.DLL
[1123/171235.480:ERROR:process_reader_win.cc(242)] ReadMemory at 0x7ffa33ae0000 of 64 bytes failed: Only part of a ReadProcessMemory or WriteProcessMemory request was completed. (0x12B)
[1123/171235.480:WARNING:pe_image_reader.cc(302)] could not read dos header from C:\Windows\system32\MSCTF.dll
[1123/171235.480:ERROR:process_reader_win.cc(242)] ReadMemory at 0x7ffa31f60000 of 64 bytes failed: Only part of a ReadProcessMemory or WriteProcessMemory request was completed. (0x12B)
[1123/171235.480:WARNING:pe_image_reader.cc(302)] could not read dos header from C:\Windows\SYSTEM32\shcore.dll
[1123/171235.480:ERROR:process_reader_win.cc(242)] ReadMemory at 0x7ffa064b0000 of 64 bytes failed: Only part of a ReadProcessMemory or WriteProcessMemory request was completed. (0x12B)
[1123/171235.480:WARNING:pe_image_reader.cc(302)] could not read dos header from C:\Program Files (x86)\Google\Chrome\Application\70.0.3538.102\chrome_child.dll
[1123/171235.480:ERROR:process_reader_win.cc(242)] ReadMemory at 0x7ffa35e40000 of 64 bytes failed: Only part of a ReadProcessMemory or WriteProcessMemory request was completed. (0x12B)
[1123/171235.480:WARNING:pe_image_reader.cc(302)] could not read dos header from C:\Windows\system32\WS2_32.dll
[1123/171235.480:ERROR:process_reader_win.cc(242)] ReadMemory at 0x7ffa2fb90000 of 64 bytes failed: Only part of a ReadProcessMemory or WriteProcessMemory request was completed. (0x12B)
[1123/171235.480:WARNING:pe_image_reader.cc(302)] could not read dos header from C:\Windows\SYSTEM32\IPHLPAPI.DLL
[1123/171235.480:ERROR:process_reader_win.cc(242)] ReadMemory at 0x7ffa33c80000 of 64 bytes failed: Only part of a ReadProcessMemory or WriteProcessMemory request was completed. (0x12B)
[1123/171235.480:WARNING:pe_image_reader.cc(302)] could not read dos header from C:\Windows\system32\ole32.dll
[1123/171235.480:ERROR:process_reader_win.cc(242)] ReadMemory at 0x7ffa2d480000 of 64 bytes failed: Only part of a ReadProcessMemory or WriteProcessMemory request was completed. (0x12B)
[1123/171235.480:WARNING:pe_image_reader.cc(302)] could not read dos header from C:\Windows\SYSTEM32\msdmo.dll
[1123/171235.480:ERROR:process_reader_win.cc(242)] ReadMemory at 0x7ffa35a30000 of 64 bytes failed: Only part of a ReadProcessMemory or WriteProcessMemory request was completed. (0x12B)
[1123/171235.480:WARNING:pe_image_reader.cc(302)] could not read dos header from C:\Windows\system32\OLEAUT32.dll
[1123/171235.480:ERROR:process_reader_win.cc(242)] ReadMemory at 0x7ffa33440000 of 64 bytes failed: Only part of a ReadProcessMemory or WriteProcessMemory request was completed. (0x12B)
[1123/171235.480:WARNING:pe_image_reader.cc(302)] could not read dos header from C:\Windows\system32\WINTRUST.dll
[1123/171235.480:ERROR:process_reader_win.cc(242)] ReadMemory at 0x7ffa34420000 of 64 bytes failed: Only part of a ReadProcessMemory or WriteProcessMemory request was completed. (0x12B)
[1123/171235.480:WARNING:pe_image_reader.cc(302)] could not read dos header from C:\Windows\system32\COMDLG32.dll
[1123/171235.480:ERROR:process_reader_win.cc(242)] ReadMemory at 0x7ffa301a0000 of 64 bytes failed: Only part of a ReadProcessMemory or WriteProcessMemory request was completed. (0x12B)
[1123/171235.480:WARNING:pe_image_reader.cc(302)] could not read dos header from C:\Windows\SYSTEM32\DWrite.dll
[1123/171235.480:ERROR:process_reader_win.cc(242)] ReadMemory at 0x7ffa31540000 of 64 bytes failed: Only part of a ReadProcessMemory or WriteProcessMemory request was completed. (0x12B)
[1123/171235.480:WARNING:pe_image_reader.cc(302)] could not read dos header from C:\Windows\SYSTEM32\WINSPOOL.DRV
[1123/171235.480:ERROR:process_reader_win.cc(242)] ReadMemory at 0x7ffa1d560000 of 64 bytes failed: Only part of a ReadProcessMemory or WriteProcessMemory request was completed. (0x12B)
[1123/171235.480:WARNING:pe_image_reader.cc(302)] could not read dos header from C:\Windows\SYSTEM32\dbghelp.dll
[1123/171235.480:ERROR:process_reader_win.cc(242)] ReadMemory at 0x7ffa29210000 of 64 bytes failed: Only part of a ReadProcessMemory or WriteProcessMemory request was completed. (0x12B)
[1123/171235.480:WARNING:pe_image_reader.cc(302)] could not read dos header from C:\Windows\SYSTEM32\USP10.dll
[1123/171235.480:ERROR:process_reader_win.cc(242)] ReadMemory at 0x7ffa2f880000 of 64 bytes failed: Only part of a ReadProcessMemory or WriteProcessMemory request was completed. (0x12B)
[1123/171235.480:WARNING:pe_image_reader.cc(302)] could not read dos header from C:\Windows\SYSTEM32\dxgi.dll
[1123/171235.480:ERROR:process_reader_win.cc(242)] ReadMemory at 0x7ffa33590000 of 64 bytes failed: Only part of a ReadProcessMemory or WriteProcessMemory request was completed. (0x12B)
[1123/171235.480:WARNING:pe_image_reader.cc(302)] could not read dos header from C:\Windows\system32\CRYPT32.dll
[1123/171235.480:ERROR:process_reader_win.cc(242)] ReadMemory at 0x7ffa2b6c0000 of 64 bytes failed: Only part of a ReadProcessMemory or WriteProcessMemory request was completed. (0x12B)
[1123/171235.480:WARNING:pe_image_reader.cc(302)] could not read dos header from C:\Windows\SYSTEM32\urlmon.dll
[1123/171235.480:ERROR:process_reader_win.cc(242)] ReadMemory at 0x7ffa303f0000 of 64 bytes failed: Only part of a ReadProcessMemory or WriteProcessMemory request was completed. (0x12B)
[1123/171235.480:WARNING:pe_image_reader.cc(302)] could not read dos header from C:\Windows\SYSTEM32\Secur32.dll
[1123/171235.480:ERROR:process_reader_win.cc(242)] ReadMemory at 0x7ffa2b270000 of 64 bytes failed: Only part of a ReadProcessMemory or WriteProcessMemory request was completed. (0x12B)
[1123/171235.481:WARNING:pe_image_reader.cc(302)] could not read dos header from C:\Windows\SYSTEM32\WINHTTP.dll
[1123/171235.481:ERROR:process_reader_win.cc(242)] ReadMemory at 0x7ffa2eb50000 of 64 bytes failed: Only part of a ReadProcessMemory or WriteProcessMemory request was completed. (0x12B)
[1123/171235.481:WARNING:pe_image_reader.cc(302)] could not read dos header from C:\Windows\SYSTEM32\dhcpcsvc.DLL
[1123/171235.481:ERROR:process_reader_win.cc(242)] ReadMemory at 0x7ffa35fe0000 of 64 bytes failed: Only part of a ReadProcessMemory or WriteProcessMemory request was completed. (0x12B)
[1123/171235.481:WARNING:pe_image_reader.cc(302)] could not read dos header from C:\Windows\system32\NSI.dll
[1123/171235.481:ERROR:process_reader_win.cc(242)] ReadMemory at 0x7ffa2fb60000 of 64 bytes failed: Only part of a ReadProcessMemory or WriteProcessMemory request was completed. (0x12B)
[1123/171235.481:WARNING:pe_image_reader.cc(302)] could not read dos header from C:\Windows\SYSTEM32\WINNSI.DLL
[1123/171235.481:ERROR:process_reader_win.cc(242)] ReadMemory at 0x7ffa33420000 of 64 bytes failed: Only part of a ReadProcessMemory or WriteProcessMemory request was completed. (0x12B)
[1123/171235.481:WARNING:pe_image_reader.cc(302)] could not read dos header from C:\Windows\system32\MSASN1.dll
[1123/171235.481:ERROR:process_reader_win.cc(242)] ReadMemory at 0x7ffa30e80000 of 64 bytes failed: Only part of a ReadProcessMemory or WriteProcessMemory request was completed. (0x12B)
[1123/171235.481:WARNING:pe_image_reader.cc(302)] could not read dos header from C:\Windows\WinSxS\amd64_microsoft.windows.common-controls_6595b64144ccf1df_6.0.9600.16384_none_62475f7becb72503\COMCTL32.dll
[1123/171235.481:ERROR:process_reader_win.cc(242)] ReadMemory at 0x7ffa2ba40000 of 64 bytes failed: Only part of a ReadProcessMemory or WriteProcessMemory request was completed. (0x12B)
[1123/171235.481:WARNING:pe_image_reader.cc(302)] could not read dos header from C:\Windows\SYSTEM32\iertutil.dll
[1123/171235.481:ERROR:process_reader_win.cc(242)] ReadMemory at 0x7ffa2bf30000 of 64 bytes failed: Only part of a ReadProcessMemory or WriteProcessMemory request was completed. (0x12B)
[1123/171235.481:WARNING:pe_image_reader.cc(302)] could not read dos header from C:\Windows\SYSTEM32\WININET.dll
[1123/171235.481:ERROR:process_reader_win.cc(242)] ReadMemory at 0x7ffa33220000 of 64 bytes failed: Only part of a ReadProcessMemory or WriteProcessMemory request was completed. (0x12B)
[1123/171235.481:WARNING:pe_image_reader.cc(302)] could not read dos header from C:\Windows\SYSTEM32\SSPICLI.DLL
[1123/171236.545:ERROR:process_reader_win.cc(242)] ReadMemory at 0x7b8cb3f000 of 69632 bytes failed: Only part of a ReadProcessMemory or WriteProcessMemory request was completed. (0x12B)
[1123/171236.545:ERROR:process_reader_win.cc(242)] ReadMemory at 0x7b8f13e000 of 8192 bytes failed: Only part of a ReadProcessMemory or WriteProcessMemory request was completed. (0x12B)
[1123/171236.545:ERROR:process_reader_win.cc(242)] ReadMemory at 0x7b8f53e000 of 8192 bytes failed: Only part of a ReadProcessMemory or WriteProcessMemory request was completed. (0x12B)
[1123/171236.545:ERROR:process_reader_win.cc(242)] ReadMemory at 0x7b8f73e000 of 8192 bytes failed: Only part of a ReadProcessMemory or WriteProcessMemory request was completed. (0x12B)
[1123/171236.545:ERROR:process_reader_win.cc(242)] ReadMemory at 0x7b8f93d000 of 12288 bytes failed: Only part of a ReadProcessMemory or WriteProcessMemory request was completed. (0x12B)
[1123/171236.545:ERROR:process_reader_win.cc(242)] ReadMemory at 0x7b8fb3c000 of 16384 bytes failed: Only part of a ReadProcessMemory or WriteProcessMemory request was completed. (0x12B)
[1123/171236.545:ERROR:process_reader_win.cc(242)] ReadMemory at 0x7b8fd3f000 of 4096 bytes failed: Only part of a ReadProcessMemory or WriteProcessMemory request was completed. (0x12B)
[1123/171236.546:ERROR:process_reader_win.cc(242)] ReadMemory at 0x7b8ff3e000 of 8192 bytes failed: Only part of a ReadProcessMemory or WriteProcessMemory request was completed. (0x12B)
[1123/171236.546:ERROR:process_reader_win.cc(242)] ReadMemory at 0x7b9033c000 of 16384 bytes failed: Only part of a ReadProcessMemory or WriteProcessMemory request was completed. (0x12B)
[1123/171236.546:ERROR:process_reader_win.cc(242)] ReadMemory at 0x7b90529000 of 94208 bytes failed: Only part of a ReadProcessMemory or WriteProcessMemory request was completed. (0x12B)
[1123/171238.390:ERROR:process_reader_win.cc(242)] ReadMemory at 0x7b90729000 of 94208 bytes failed: Only part of a ReadProcessMemory or WriteProcessMemory request was completed. (0x12B)
[1123/171240.680:ERROR:process_reader_win.cc(242)] ReadMemory at 0x7b9093e000 of 8192 bytes failed: Only part of a ReadProcessMemory or WriteProcessMemory request was completed. (0x12B)
[1123/171240.680:ERROR:process_reader_win.cc(242)] ReadMemory at 0x7b91433000 of 53248 bytes failed: Only part of a ReadProcessMemory or WriteProcessMemory request was completed. (0x12B)
[1123/171240.680:ERROR:process_reader_win.cc(242)] ReadMemory at 0x7b9775e000 of 8192 bytes failed: Only part of a ReadProcessMemory or WriteProcessMemory request was completed. (0x12B)
[1123/171240.680:ERROR:process_reader_win.cc(242)] ReadMemory at 0x7b806bc000 of 16384 bytes failed: Only part of a ReadProcessMemory or WriteProcessMemory request was completed. (0x12B)
[1123/171240.681:ERROR:process_reader_win.cc(242)] ReadMemory at 0x7b808be000 of 8192 bytes failed: Only part of a ReadProcessMemory or WriteProcessMemory request was completed. (0x12B)
[1123/171240.681:ERROR:process_reader_win.cc(242)] ReadMemory at 0x7b8043e000 of 8192 bytes failed: Only part of a ReadProcessMemory or WriteProcessMemory request was completed. (0x12B)
[1123/171240.681:ERROR:process_reader_win.cc(242)] ReadMemory at 0x7b80cdf000 of 4096 bytes failed: Only part of a ReadProcessMemory or WriteProcessMemory request was completed. (0x12B)
[1123/171240.681:ERROR:process_reader_win.cc(242)] ReadMemory at 0x7b800c5f64 of 528 bytes failed: Only part of a ReadProcessMemory or WriteProcessMemory request was completed. (0x12B)
[1123/171240.681:ERROR:process_reader_win.cc(242)] ReadMemory at 0x7b8cd00c40 of 656 bytes failed: Only part of a ReadProcessMemory or WriteProcessMemory request was completed. (0x12B)
[1123/171240.681:ERROR:process_reader_win.cc(242)] ReadMemory at 0x7b8cd50070 of 512 bytes failed: Only part of a ReadProcessMemory or WriteProcessMemory request was completed. (0x12B)
[1123/171240.681:ERROR:process_reader_win.cc(242)] ReadMemory at 0x7b8cd507e0 of 58 bytes failed: Only part of a ReadProcessMemory or WriteProcessMemory request was completed. (0x12B)
[1123/171240.681:ERROR:process_reader_win.cc(242)] ReadMemory at 0x7b8cd50860 of 5932 bytes failed: Only part of a ReadProcessMemory or WriteProcessMemory request was completed. (0x12B)
[1123/171240.681:ERROR:process_reader_win.cc(242)] ReadMemory at 0x7b8cd51fa0 of 1012 bytes failed: Only part of a ReadProcessMemory or WriteProcessMemory request was completed. (0x12B)
[1123/171240.681:ERROR:process_reader_win.cc(242)] ReadMemory at 0x7b8cd525b8 of 118 bytes failed: Only part of a ReadProcessMemory or WriteProcessMemory request was completed. (0x12B)
[1123/171240.681:ERROR:process_reader_win.cc(242)] ReadMemory at 0x7b8cd52630 of 1040 bytes failed: Only part of a ReadProcessMemory or WriteProcessMemory request was completed. (0x12B)
[1123/171240.681:ERROR:process_reader_win.cc(242)] ReadMemory at 0x7b8cd52a42 of 118 bytes failed: Only part of a ReadProcessMemory or WriteProcessMemory request was completed. (0x12B)
[1123/171240.681:ERROR:process_reader_win.cc(242)] ReadMemory at 0x7b8cd52aba of 98 bytes failed: Only part of a ReadProcessMemory or WriteProcessMemory request was completed. (0x12B)
[1123/171240.681:ERROR:process_reader_win.cc(242)] ReadMemory at 0x7b8cd52b30 of 58 bytes failed: Only part of a ReadProcessMemory or WriteProcessMemory request was completed. (0x12B)
[1123/171240.681:ERROR:process_reader_win.cc(242)] ReadMemory at 0x7b8cd52c30 of 132 bytes failed: Only part of a ReadProcessMemory or WriteProcessMemory request was completed. (0x12B)
[1123/171240.681:ERROR:process_reader_win.cc(242)] ReadMemory at 0x7b8cd52db0 of 132 bytes failed: Only part of a ReadProcessMemory or WriteProcessMemory request was completed. (0x12B)
[1123/171240.681:ERROR:process_reader_win.cc(242)] ReadMemory at 0x7b8cd52fc0 of 126 bytes failed: Only part of a ReadProcessMemory or WriteProcessMemory request was completed. (0x12B)
[1123/171240.681:ERROR:process_reader_win.cc(242)] ReadMemory at 0x7b8cd532b0 of 64 bytes failed: Only part of a ReadProcessMemory or WriteProcessMemory request was completed. (0x12B)
[1123/171240.681:ERROR:process_reader_win.cc(242)] ReadMemory at 0x7b8cd53300 of 132 bytes failed: Only part of a ReadProcessMemory or WriteProcessMemory request was completed. (0x12B)
[1123/171240.681:ERROR:process_reader_win.cc(242)] ReadMemory at 0x7b8cd53670 of 68 bytes failed: Only part of a ReadProcessMemory or WriteProcessMemory request was completed. (0x12B)
[1123/171240.681:ERROR:process_reader_win.cc(242)] ReadMemory at 0x7b8cd536c0 of 132 bytes failed: Only part of a ReadProcessMemory or WriteProcessMemory request was completed. (0x12B)
[1123/171240.681:ERROR:process_reader_win.cc(242)] ReadMemory at 0x7b8cd544b0 of 154 bytes failed: Only part of a ReadProcessMemory or WriteProcessMemory request was completed. (0x12B)
[1123/171240.681:ERROR:process_reader_win.cc(242)] ReadMemory at 0x7b8cd54560 of 132 bytes failed: Only part of a ReadProcessMemory or WriteProcessMemory request was completed. (0x12B)
[1123/171240.681:ERROR:process_reader_win.cc(242)] ReadMemory at 0x7b8cd54680 of 62 bytes failed: Only part of a ReadProcessMemory or WriteProcessMemory request was completed. (0x12B)
[1123/171240.681:ERROR:process_reader_win.cc(242)] ReadMemory at 0x7b8cd546d0 of 132 bytes failed: Only part of a ReadProcessMemory or WriteProcessMemory request was completed. (0x12B)
[1123/171240.681:ERROR:process_reader_win.cc(242)] ReadMemory at 0x7b8cd548e0 of 64 bytes failed: Only part of a ReadProcessMemory or WriteProcessMemory request was completed. (0x12B)
[1123/171240.681:ERROR:process_reader_win.cc(242)] ReadMemory at 0x7b8cd54930 of 132 bytes failed: Only part of a ReadProcessMemory or WriteProcessMemory request was completed. (0x12B)
[1123/171240.681:ERROR:process_reader_win.cc(242)] ReadMemory at 0x7b8cd54b40 of 60 bytes failed: Only part of a ReadProcessMemory or WriteProcessMemory request was completed. (0x12B)
[1123/171240.681:ERROR:process_reader_win.cc(242)] ReadMemory at 0x7b8cd54b90 of 132 bytes failed: Only part of a ReadProcessMemory or WriteProcessMemory request was completed. (0x12B)
[1123/171240.681:ERROR:process_reader_win.cc(242)] ReadMemory at 0x7b8cd57230 of 62 bytes failed: Only part of a ReadProcessMemory or WriteProcessMemory request was completed. (0x12B)
[1123/171240.681:ERROR:process_reader_win.cc(242)] ReadMemory at 0x7b8cd57280 of 132 bytes failed: Only part of a ReadProcessMemory or WriteProcessMemory request was completed. (0x12B)
[1123/171240.681:ERROR:process_reader_win.cc(242)] ReadMemory at 0x7b8cd573d0 of 58 bytes failed: Only part of a ReadProcessMemory or WriteProcessMemory request was completed. (0x12B)
[1123/171240.681:ERROR:process_reader_win.cc(242)] ReadMemory at 0x7b8cd57450 of 62 bytes failed: Only part of a ReadProcessMemory or WriteProcessMemory request was completed. (0x12B)
[1123/171240.681:ERROR:process_reader_win.cc(242)] ReadMemory at 0x7b8cd574a0 of 132 bytes failed: Only part of a ReadProcessMemory or WriteProcessMemory request was completed. (0x12B)
[1123/171240.681:ERROR:process_reader_win.cc(242)] ReadMemory at 0x7b8cd575c0 of 132 bytes failed: Only part of a ReadProcessMemory or WriteProcessMemory request was completed. (0x12B)
[1123/171240.681:ERROR:process_reader_win.cc(242)] ReadMemory at 0x7b8cd576e0 of 62 bytes failed: Only part of a ReadProcessMemory or WriteProcessMemory request was completed. (0x12B)
[1123/171240.681:ERROR:process_reader_win.cc(242)] ReadMemory at 0x7b8cd57730 of 132 bytes failed: Only part of a ReadProcessMemory or WriteProcessMemory request was completed. (0x12B)
[1123/171240.682:ERROR:process_reader_win.cc(242)] ReadMemory at 0x7b8cd58e60 of 132 bytes failed: Only part of a ReadProcessMemory or WriteProcessMemory request was completed. (0x12B)
[1123/171240.682:ERROR:process_reader_win.cc(242)] ReadMemory at 0x7b8cd598f0 of 60 bytes failed: Only part of a ReadProcessMemory or WriteProcessMemory request was completed. (0x12B)
[1123/171240.682:ERROR:process_reader_win.cc(242)] ReadMemory at 0x7b8cd59940 of 132 bytes failed: Only part of a ReadProcessMemory or WriteProcessMemory request was completed. (0x12B)
[1123/171240.682:ERROR:process_reader_win.cc(242)] ReadMemory at 0x7b8cd59b80 of 62 bytes failed: Only part of a ReadProcessMemory or WriteProcessMemory request was completed. (0x12B)
[1123/171240.682:ERROR:process_reader_win.cc(242)] ReadMemory at 0x7b8cd59bd0 of 58 bytes failed: Only part of a ReadProcessMemory or WriteProcessMemory request was completed. (0x12B)
[1123/171240.682:ERROR:process_reader_win.cc(242)] ReadMemory at 0x7b8cd59c70 of 66 bytes failed: Only part of a ReadProcessMemory or WriteProcessMemory request was completed. (0x12B)
[1123/171240.682:ERROR:process_reader_win.cc(242)] ReadMemory at 0x7b8cd59cc0 of 64 bytes failed: Only part of a ReadProcessMemory or WriteProcessMemory request was completed. (0x12B)
[1123/171240.682:ERROR:process_reader_win.cc(242)] ReadMemory at 0x7b8cd59e00 of 58 bytes failed: Only part of a ReadProcessMemory or WriteProcessMemory request was completed. (0x12B)
[1123/171240.682:ERROR:process_reader_win.cc(242)] ReadMemory at 0x7b8cd59e50 of 58 bytes failed: Only part of a ReadProcessMemory or WriteProcessMemory request was completed. (0x12B)
[1123/171240.682:ERROR:process_reader_win.cc(242)] ReadMemory at 0x7b8cd59f90 of 62 bytes failed: Only part of a ReadProcessMemory or WriteProcessMemory request was completed. (0x12B)
[1123/171240.682:ERROR:process_reader_win.cc(242)] ReadMemory at 0x7b8cd5a030 of 66 bytes failed: Only part of a ReadProcessMemory or WriteProcessMemory request was completed. (0x12B)
[1123/171240.682:ERROR:process_reader_win.cc(242)] ReadMemory at 0x7b8cd5a080 of 62 bytes failed: Only part of a ReadProcessMemory or WriteProcessMemory request was completed. (0x12B)
[1123/171240.682:ERROR:process_reader_win.cc(242)] ReadMemory at 0x7b8cd5a0d0 of 60 bytes failed: Only part of a ReadProcessMemory or WriteProcessMemory request was completed. (0x12B)
[1123/171240.682:ERROR:process_reader_win.cc(242)] ReadMemory at 0x7b8cd5a170 of 60 bytes failed: Only part of a ReadProcessMemory or WriteProcessMemory request was completed. (0x12B)
[1123/171240.682:ERROR:process_reader_win.cc(242)] ReadMemory at 0x7b8cd5a2a0 of 132 bytes failed: Only part of a ReadProcessMemory or WriteProcessMemory request was completed. (0x12B)
[1123/171240.682:ERROR:process_reader_win.cc(242)] ReadMemory at 0x7b8cd5a830 of 132 bytes failed: Only part of a ReadProcessMemory or WriteProcessMemory request was completed. (0x12B)
[1123/171240.682:ERROR:process_reader_win.cc(242)] ReadMemory at 0x7b8cd5a950 of 54 bytes failed: Only part of a ReadProcessMemory or WriteProcessMemory request was completed. (0x12B)
[1123/171240.682:ERROR:process_reader_win.cc(242)] ReadMemory at 0x7b8cd5aa10 of 132 bytes failed: Only part of a ReadProcessMemory or WriteProcessMemory request was completed. (0x12B)
[1123/171240.682:ERROR:process_reader_win.cc(242)] ReadMemory at 0x7b8cd5ab80 of 132 bytes failed: Only part of a ReadProcessMemory or WriteProcessMemory request was completed. (0x12B)
[1123/171240.682:ERROR:process_reader_win.cc(242)] ReadMemory at 0x7b8cd5aca0 of 132 bytes failed: Only part of a ReadProcessMemory or WriteProcessMemory request was completed. (0x12B)
[1123/171240.682:ERROR:process_reader_win.cc(242)] ReadMemory at 0x7b8cd5adc0 of 132 bytes failed: Only part of a ReadProcessMemory or WriteProcessMemory request was completed. (0x12B)
[1123/171240.682:ERROR:process_reader_win.cc(242)] ReadMemory at 0x7b8cd5aee0 of 132 bytes failed: Only part of a ReadProcessMemory or WriteProcessMemory request was completed. (0x12B)
[1123/171240.682:ERROR:process_reader_win.cc(242)] ReadMemory at 0x7b8cd5b000 of 132 bytes failed: Only part of a ReadProcessMemory or WriteProcessMemory request was completed. (0x12B)
[1123/171240.682:ERROR:process_reader_win.cc(242)] ReadMemory at 0x7b8cd5b120 of 132 bytes failed: Only part of a ReadProcessMemory or WriteProcessMemory request was completed. (0x12B)
[1123/171240.682:ERROR:process_reader_win.cc(242)] ReadMemory at 0x7b8cd5b240 of 132 bytes failed: Only part of a ReadProcessMemory or WriteProcessMemory request was completed. (0x12B)
[1123/171240.682:ERROR:process_reader_win.cc(242)] ReadMemory at 0x7b8cd5b360 of 132 bytes failed: Only part of a ReadProcessMemory or WriteProcessMemory request was completed. (0x12B)
[1123/171240.682:ERROR:process_reader_win.cc(242)] ReadMemory at 0x7b8cd5b480 of 132 bytes failed: Only part of a ReadProcessMemory or WriteProcessMemory request was completed. (0x12B)
[1123/171240.682:ERROR:process_reader_win.cc(242)] ReadMemory at 0x7b8cd5b5a0 of 132 bytes failed: Only part of a ReadProcessMemory or WriteProcessMemory request was completed. (0x12B)
[1123/171240.682:ERROR:process_reader_win.cc(242)] ReadMemory at 0x7b8cd5b6c0 of 132 bytes failed: Only part of a ReadProcessMemory or WriteProcessMemory request was completed. (0x12B)
[1123/171240.682:ERROR:process_reader_win.cc(242)] ReadMemory at 0x7b8cd5b7e0 of 132 bytes failed: Only part of a ReadProcessMemory or WriteProcessMemory request was completed. (0x12B)
[1123/171240.682:ERROR:process_reader_win.cc(242)] ReadMemory at 0x7b8cd5b900 of 132 bytes failed: Only part of a ReadProcessMemory or WriteProcessMemory request was completed. (0x12B)
[1123/171240.682:ERROR:process_reader_win.cc(242)] ReadMemory at 0x7b8cd5bdc0 of 80 bytes failed: Only part of a ReadProcessMemory or WriteProcessMemory request was completed. (0x12B)
[1123/171240.682:ERROR:process_reader_win.cc(242)] ReadMemory at 0x7b8cd5d930 of 158 bytes failed: Only part of a ReadProcessMemory or WriteProcessMemory request was completed. (0x12B)
[1123/171240.682:ERROR:process_reader_win.cc(242)] ReadMemory at 0x7b8cd5fc90 of 64 bytes failed: Only part of a ReadProcessMemory or WriteProcessMemory request was completed. (0x12B)
[1123/171240.682:ERROR:process_reader_win.cc(242)] ReadMemory at 0x7b8cd5fce0 of 64 bytes failed: Only part of a ReadProcessMemory or WriteProcessMemory request was completed. (0x12B)
[1123/171240.682:ERROR:process_reader_win.cc(242)] ReadMemory at 0x7b8cd5fd80 of 62 bytes failed: Only part of a ReadProcessMemory or WriteProcessMemory request was completed. (0x12B)
[1123/171240.682:ERROR:process_reader_win.cc(242)] ReadMemory at 0x7b8cd5fdd0 of 60 bytes failed: Only part of a ReadProcessMemory or WriteProcessMemory request was completed. (0x12B)
[1123/171240.682:ERROR:process_reader_win.cc(242)] ReadMemory at 0x7b8cd5fe20 of 60 bytes failed: Only part of a ReadProcessMemory or WriteProcessMemory request was completed. (0x12B)
[1123/171240.682:ERROR:process_reader_win.cc(242)] ReadMemory at 0x7b8cd5fe70 of 60 bytes failed: Only part of a ReadProcessMemory or WriteProcessMemory request was completed. (0x12B)
[1123/171240.682:ERROR:process_reader_win.cc(242)] ReadMemory at 0x7b8cd5ffb0 of 62 bytes failed: Only part of a ReadProcessMemory or WriteProcessMemory request was completed. (0x12B)
[1123/171240.682:ERROR:process_reader_win.cc(242)] ReadMemory at 0x7b8cd60280 of 64 bytes failed: Only part of a ReadProcessMemory or WriteProcessMemory request was completed. (0x12B)
[1123/171240.682:ERROR:process_reader_win.cc(242)] ReadMemory at 0x7b8cd602d0 of 56 bytes failed: Only part of a ReadProcessMemory or WriteProcessMemory request was completed. (0x12B)
[1123/171240.683:ERROR:process_reader_win.cc(242)] ReadMemory at 0x7b8cd60370 of 58 bytes failed: Only part of a ReadProcessMemory or WriteProcessMemory request was completed. (0x12B)
[1123/171240.683:ERROR:process_reader_win.cc(242)] ReadMemory at 0x7b8cd603c0 of 64 bytes failed: Only part of a ReadProcessMemory or WriteProcessMemory request was completed. (0x12B)
[1123/171240.683:ERROR:process_reader_win.cc(242)] ReadMemory at 0x7b8cd604b0 of 64 bytes failed: Only part of a ReadProcessMemory or WriteProcessMemory request was completed. (0x12B)
[1123/171240.683:ERROR:process_reader_win.cc(242)] ReadMemory at 0x7b8cd60500 of 60 bytes failed: Only part of a ReadProcessMemory or WriteProcessMemory request was completed. (0x12B)
[1123/171240.683:ERROR:process_reader_win.cc(242)] ReadMemory at 0x7b8cd60550 of 62 bytes failed: Only part of a ReadProcessMemory or WriteProcessMemory request was completed. (0x12B)
[1123/171241.152:ERROR:process_reader_win.cc(242)] ReadMemory at 0x7b8cd605f0 of 58 bytes failed: Only part of a ReadProcessMemory or WriteProcessMemory request was completed. (0x12B)
[1123/171241.152:ERROR:process_reader_win.cc(242)] ReadMemory at 0x7b8cd60780 of 60 bytes failed: Only part of a ReadProcessMemory or WriteProcessMemory request was completed. (0x12B)
[1123/171241.152:ERROR:process_reader_win.cc(242)] ReadMemory at 0x7b8cd607d0 of 62 bytes failed: Only part of a ReadProcessMemory or WriteProcessMemory request was completed. (0x12B)
[1123/171241.152:ERROR:process_reader_win.cc(242)] ReadMemory at 0x7b8cd60820 of 62 bytes failed: Only part of a ReadProcessMemory or WriteProcessMemory request was completed. (0x12B)
[1123/171241.152:ERROR:process_reader_win.cc(242)] ReadMemory at 0x7b8cd60870 of 62 bytes failed: Only part of a ReadProcessMemory or WriteProcessMemory request was completed. (0x12B)
[1123/171241.152:ERROR:process_reader_win.cc(242)] ReadMemory at 0x7b8cd60910 of 60 bytes failed: Only part of a ReadProcessMemory or WriteProcessMemory request was completed. (0x12B)
[1123/171241.152:ERROR:process_reader_win.cc(242)] ReadMemory at 0x7b8cd60a00 of 58 bytes failed: Only part of a ReadProcessMemory or WriteProcessMemory request was completed. (0x12B)
[1123/171241.153:ERROR:process_reader_win.cc(242)] ReadMemory at 0x7b8cd60a50 of 64 bytes failed: Only part of a ReadProcessMemory or WriteProcessMemory request was completed. (0x12B)
[1123/171241.153:ERROR:process_reader_win.cc(242)] ReadMemory at 0x7b8cd60af0 of 64 bytes failed: Only part of a ReadProcessMemory or WriteProcessMemory request was completed. (0x12B)
[1123/171241.153:ERROR:process_reader_win.cc(242)] ReadMemory at 0x7b8cd62630 of 248 bytes failed: Only part of a ReadProcessMemory or WriteProcessMemory request was completed. (0x12B)
[1123/171241.153:ERROR:process_reader_win.cc(242)] ReadMemory at 0x7b8cd65790 of 132 bytes failed: Only part of a ReadProcessMemory or WriteProcessMemory request was completed. (0x12B)
[1123/171241.153:ERROR:process_reader_win.cc(242)] ReadMemory at 0x7b8cd658b0 of 132 bytes failed: Only part of a ReadProcessMemory or WriteProcessMemory request was completed. (0x12B)
[1123/171241.153:ERROR:process_reader_win.cc(242)] ReadMemory at 0x7b8cd659d0 of 132 bytes failed: Only part of a ReadProcessMemory or WriteProcessMemory request was completed. (0x12B)
[1123/171241.154:ERROR:process_reader_win.cc(242)] ReadMemory at 0x7b8cd65af0 of 132 bytes failed: Only part of a ReadProcessMemory or WriteProcessMemory request was completed. (0x12B)
[1123/171241.154:ERROR:process_reader_win.cc(242)] ReadMemory at 0x7b8cd65c10 of 132 bytes failed: Only part of a ReadProcessMemory or WriteProcessMemory request was completed. (0x12B)
[1123/171241.154:ERROR:process_reader_win.cc(242)] ReadMemory at 0x7b8cd65d30 of 132 bytes failed: Only part of a ReadProcessMemory or WriteProcessMemory request was completed. (0x12B)
[1123/171241.154:ERROR:process_reader_win.cc(242)] ReadMemory at 0x7b8cd65e50 of 132 bytes failed: Only part of a ReadProcessMemory or WriteProcessMemory request was completed. (0x12B)
[1123/171241.154:ERROR:process_reader_win.cc(242)] ReadMemory at 0x7b8cd66090 of 132 bytes failed: Only part of a ReadProcessMemory or WriteProcessMemory request was completed. (0x12B)
[1123/171241.154:ERROR:process_reader_win.cc(242)] ReadMemory at 0x7b8cd661b0 of 132 bytes failed: Only part of a ReadProcessMemory or WriteProcessMemory request was completed. (0x12B)
[1123/171241.154:ERROR:process_reader_win.cc(242)] ReadMemory at 0x7b8cd66630 of 132 bytes failed: Only part of a ReadProcessMemory or WriteProcessMemory request was completed. (0x12B)
[1123/171241.154:ERROR:process_reader_win.cc(242)] ReadMemory at 0x7b8cd66750 of 132 bytes failed: Only part of a ReadProcessMemory or WriteProcessMemory request was completed. (0x12B)
[1123/171241.155:ERROR:process_reader_win.cc(242)] ReadMemory at 0x7b8cd66990 of 132 bytes failed: Only part of a ReadProcessMemory or WriteProcessMemory request was completed. (0x12B)
[1123/171241.155:ERROR:process_reader_win.cc(242)] ReadMemory at 0x7b8cd66bd0 of 132 bytes failed: Only part of a ReadProcessMemory or WriteProcessMemory request was completed. (0x12B)
[1123/171241.155:ERROR:process_reader_win.cc(242)] ReadMemory at 0x7b8cd66cf0 of 132 bytes failed: Only part of a ReadProcessMemory or WriteProcessMemory request was completed. (0x12B)
[1123/171241.155:ERROR:process_reader_win.cc(242)] ReadMemory at 0x7b8cd66e10 of 132 bytes failed: Only part of a ReadProcessMemory or WriteProcessMemory request was completed. (0x12B)
[1123/171241.155:ERROR:process_reader_win.cc(242)] ReadMemory at 0x7b8cd66f30 of 132 bytes failed: Only part of a ReadProcessMemory or WriteProcessMemory request was completed. (0x12B)
[1123/171241.155:ERROR:process_reader_win.cc(242)] ReadMemory at 0x7b8cd67050 of 132 bytes failed: Only part of a ReadProcessMemory or WriteProcessMemory request was completed. (0x12B)
[1123/171241.155:ERROR:process_reader_win.cc(242)] ReadMemory at 0x7b8cd67170 of 132 bytes failed: Only part of a ReadProcessMemory or WriteProcessMemory request was completed. (0x12B)
[1123/171241.156:ERROR:process_reader_win.cc(242)] ReadMemory at 0x7b8cd67290 of 132 bytes failed: Only part of a ReadProcessMemory or WriteProcessMemory request was completed. (0x12B)
[1123/171241.156:ERROR:process_reader_win.cc(242)] ReadMemory at 0x7b8cd673b0 of 132 bytes failed: Only part of a ReadProcessMemory or WriteProcessMemory request was completed. (0x12B)
[1123/171241.156:ERROR:process_reader_win.cc(242)] ReadMemory at 0x7b8cd674d0 of 132 bytes failed: Only part of a ReadProcessMemory or WriteProcessMemory request was completed. (0x12B)
[1123/171241.156:ERROR:process_reader_win.cc(242)] ReadMemory at 0x7b8cd675f0 of 132 bytes failed: Only part of a ReadProcessMemory or WriteProcessMemory request was completed. (0x12B)
[1123/171241.156:ERROR:process_reader_win.cc(242)] ReadMemory at 0x7b8cd6e190 of 512 bytes failed: Only part of a ReadProcessMemory or WriteProcessMemory request was completed. (0x12B)
[1123/171241.156:ERROR:process_reader_win.cc(242)] ReadMemory at 0x7b8cd71f50 of 512 bytes failed: Only part of a ReadProcessMemory or WriteProcessMemory request was completed. (0x12B)
[1123/171241.156:ERROR:process_reader_win.cc(242)] ReadMemory at 0x7b8cd73240 of 512 bytes failed: Only part of a ReadProcessMemory or WriteProcessMemory request was completed. (0x12B)
[1123/171241.156:ERROR:process_reader_win.cc(242)] ReadMemory at 0x7b8ce8dc70 of 512 bytes failed: Only part of a ReadProcessMemory or WriteProcessMemory request was completed. (0x12B)
[1123/171241.157:ERROR:process_reader_win.cc(242)] ReadMemory at 0x7b8ce8f9e0 of 512 bytes failed: Only part of a ReadProcessMemory or WriteProcessMemory request was completed. (0x12B)
[1123/171241.157:ERROR:process_reader_win.cc(242)] ReadMemory at 0x7b8ce94690 of 512 bytes failed: Only part of a ReadProcessMemory or WriteProcessMemory request was completed. (0x12B)
[1123/171241.157:ERROR:process_reader_win.cc(242)] ReadMemory at 0x7b8ce99870 of 512 bytes failed: Only part of a ReadProcessMemory or WriteProcessMemory request was completed. (0x12B)
[1123/171241.157:ERROR:process_reader_win.cc(242)] ReadMemory at 0x7b8cea4648 of 512 bytes failed: Only part of a ReadProcessMemory or WriteProcessMemory request was completed. (0x12B)
[1123/171241.157:ERROR:process_reader_win.cc(242)] ReadMemory at 0x7b8cea89c0 of 512 bytes failed: Only part of a ReadProcessMemory or WriteProcessMemory request was completed. (0x12B)
[1123/171241.157:ERROR:process_reader_win.cc(242)] ReadMemory at 0x7b8cea8fc0 of 512 bytes failed: Only part of a ReadProcessMemory or WriteProcessMemory request was completed. (0x12B)
[1123/171241.157:ERROR:process_reader_win.cc(242)] ReadMemory at 0x7b8ceb2770 of 688 bytes failed: Only part of a ReadProcessMemory or WriteProcessMemory request was completed. (0x12B)
[1123/171241.158:ERROR:process_reader_win.cc(242)] ReadMemory at 0x7b8ff857a8 of 512 bytes failed: Only part of a ReadProcessMemory or WriteProcessMemory request was completed. (0x12B)
[1123/171241.158:ERROR:process_reader_win.cc(242)] ReadMemory at 0x7b8ff861f8 of 512 bytes failed: Only part of a ReadProcessMemory or WriteProcessMemory request was completed. (0x12B)
[1123/171241.158:ERROR:process_reader_win.cc(242)] ReadMemory at 0x7b8ff872d0 of 512 bytes failed: Only part of a ReadProcessMemory or WriteProcessMemory request was completed. (0x12B)
[1123/171241.158:ERROR:process_reader_win.cc(242)] ReadMemory at 0x7b90b66918 of 512 bytes failed: Only part of a ReadProcessMemory or WriteProcessMemory request was completed. (0x12B)
[1123/171241.158:ERROR:process_reader_win.cc(242)] ReadMemory at 0x7b90bd01f0 of 536 bytes failed: Only part of a ReadProcessMemory or WriteProcessMemory request was completed. (0x12B)
[1123/171241.159:ERROR:process_reader_win.cc(242)] ReadMemory at 0x7b91c445d0 of 512 bytes failed: Only part of a ReadProcessMemory or WriteProcessMemory request was completed. (0x12B)
[1123/171241.159:ERROR:process_reader_win.cc(242)] ReadMemory at 0x7b91c8bf18 of 512 bytes failed: Only part of a ReadProcessMemory or WriteProcessMemory request was completed. (0x12B)
[1123/171241.160:ERROR:process_reader_win.cc(242)] ReadMemory at 0x7b92a5bce0 of 544 bytes failed: Only part of a ReadProcessMemory or WriteProcessMemory request was completed. (0x12B)
[1123/171241.160:ERROR:process_reader_win.cc(242)] ReadMemory at 0x7b939d3520 of 512 bytes failed: Only part of a ReadProcessMemory or WriteProcessMemory request was completed. (0x12B)
[1123/171241.160:ERROR:process_reader_win.cc(242)] ReadMemory at 0x7b98009960 of 512 bytes failed: Only part of a ReadProcessMemory or WriteProcessMemory request was completed. (0x12B)
[1123/171241.160:ERROR:process_reader_win.cc(242)] ReadMemory at 0x1578665fb6f8 of 512 bytes failed: Only part of a ReadProcessMemory or WriteProcessMemory request was completed. (0x12B)
[1123/171241.160:ERROR:process_reader_win.cc(242)] ReadMemory at 0x1578665fcdc8 of 512 bytes failed: Only part of a ReadProcessMemory or WriteProcessMemory request was completed. (0x12B)
[1123/171241.160:ERROR:process_reader_win.cc(242)] ReadMemory at 0x160a7b183649 of 512 bytes failed: Only part of a ReadProcessMemory or WriteProcessMemory request was completed. (0x12B)
[1123/171241.160:ERROR:process_reader_win.cc(242)] ReadMemory at 0x2ca36ff000a0 of 512 bytes failed: Only part of a ReadProcessMemory or WriteProcessMemory request was completed. (0x12B)
[1123/171241.160:ERROR:process_reader_win.cc(242)] ReadMemory at 0x48dd7efe7af8 of 512 bytes failed: Only part of a ReadProcessMemory or WriteProcessMemory request was completed. (0x12B)
[1123/171241.161:ERROR:process_reader_win.cc(242)] ReadMemory at 0x4aa43a6f24e8 of 520 bytes failed: Only part of a ReadProcessMemory or WriteProcessMemory request was completed. (0x12B)
[1123/171241.161:ERROR:process_reader_win.cc(242)] ReadMemory at 0x4aa43a6f4f80 of 512 bytes failed: Only part of a ReadProcessMemory or WriteProcessMemory request was completed. (0x12B)
[1123/171241.161:ERROR:process_reader_win.cc(242)] ReadMemory at 0x680567d0a181 of 519 bytes failed: Only part of a ReadProcessMemory or WriteProcessMemory request was completed. (0x12B)
[1123/171241.161:ERROR:process_reader_win.cc(242)] ReadMemory at 0x680567d0cc18 of 512 bytes failed: Only part of a ReadProcessMemory or WriteProcessMemory request was completed. (0x12B)
[1123/171241.161:ERROR:process_reader_win.cc(242)] ReadMemory at 0x751fa3184f68 of 512 bytes failed: Only part of a ReadProcessMemory or WriteProcessMemory request was completed. (0x12B)
[1123/171241.161:ERROR:process_reader_win.cc(242)] ReadMemory at 0x7ff66aba8000 of 6024 bytes failed: Only part of a ReadProcessMemory or WriteProcessMemory request was completed. (0x12B)
[1123/171241.161:ERROR:process_reader_win.cc(242)] ReadMemory at 0x7ff66abaa000 of 6024 bytes failed: Only part of a ReadProcessMemory or WriteProcessMemory request was completed. (0x12B)
[1123/171241.161:ERROR:process_reader_win.cc(242)] ReadMemory at 0x7ff66abac000 of 6024 bytes failed: Only part of a ReadProcessMemory or WriteProcessMemory request was completed. (0x12B)
[1123/171241.162:ERROR:process_reader_win.cc(242)] ReadMemory at 0x7ff66abae000 of 6024 bytes failed: Only part of a ReadProcessMemory or WriteProcessMemory request was completed. (0x12B)
[1123/171241.162:ERROR:process_reader_win.cc(242)] ReadMemory at 0x7ff66abb0000 of 6024 bytes failed: Only part of a ReadProcessMemory or WriteProcessMemory request was completed. (0x12B)
[1123/171241.162:ERROR:process_reader_win.cc(242)] ReadMemory at 0x7ff66abb2000 of 6024 bytes failed: Only part of a ReadProcessMemory or WriteProcessMemory request was completed. (0x12B)
[1123/171241.162:ERROR:process_reader_win.cc(242)] ReadMemory at 0x7ff66abb4000 of 6024 bytes failed: Only part of a ReadProcessMemory or WriteProcessMemory request was completed. (0x12B)
[1123/171241.162:ERROR:process_reader_win.cc(242)] ReadMemory at 0x7ff66abb6000 of 6024 bytes failed: Only part of a ReadProcessMemory or WriteProcessMemory request was completed. (0x12B)
[1123/171241.162:ERROR:process_reader_win.cc(242)] ReadMemory at 0x7ff66abb8000 of 6024 bytes failed: Only part of a ReadProcessMemory or WriteProcessMemory request was completed. (0x12B)
[1123/171241.163:ERROR:process_reader_win.cc(242)] ReadMemory at 0x7ff66abba000 of 6024 bytes failed: Only part of a ReadProcessMemory or WriteProcessMemory request was completed. (0x12B)
[1123/171241.163:ERROR:process_reader_win.cc(242)] ReadMemory at 0x7ff66abbc000 of 6024 bytes failed: Only part of a ReadProcessMemory or WriteProcessMemory request was completed. (0x12B)
[1123/171241.163:ERROR:process_reader_win.cc(242)] ReadMemory at 0x7ff66abbe000 of 6024 bytes failed: Only part of a ReadProcessMemory or WriteProcessMemory request was completed. (0x12B)
[1123/171241.163:ERROR:process_reader_win.cc(242)] ReadMemory at 0x7ff66ace3000 of 6024 bytes failed: Only part of a ReadProcessMemory or WriteProcessMemory request was completed. (0x12B)
[1123/171241.163:ERROR:process_reader_win.cc(242)] ReadMemory at 0x7ff66ace5000 of 6024 bytes failed: Only part of a ReadProcessMemory or WriteProcessMemory request was completed. (0x12B)
[1123/171241.163:ERROR:process_reader_win.cc(242)] ReadMemory at 0x7ff66ace7000 of 6024 bytes failed: Only part of a ReadProcessMemory or WriteProcessMemory request was completed. (0x12B)
[1123/171241.163:ERROR:process_reader_win.cc(242)] ReadMemory at 0x7ff66ace9000 of 6024 bytes failed: Only part of a ReadProcessMemory or WriteProcessMemory request was completed. (0x12B)
[1123/171241.163:ERROR:process_reader_win.cc(242)] ReadMemory at 0x7ff66aceb000 of 852 bytes failed: Only part of a ReadProcessMemory or WriteProcessMemory request was completed. (0x12B)
[1123/171241.164:ERROR:process_reader_win.cc(242)] ReadMemory at 0x7ff66acec000 of 6024 bytes failed: Only part of a ReadProcessMemory or WriteProcessMemory request was completed. (0x12B)
[1123/171241.164:ERROR:process_reader_win.cc(242)] ReadMemory at 0x7ff66acee000 of 6024 bytes failed: Only part of a ReadProcessMemory or WriteProcessMemory request was completed. (0x12B)
[1123/171241.164:ERROR:process_reader_win.cc(242)] ReadMemory at 0x7ffa065265f7 of 512 bytes failed: Only part of a ReadProcessMemory or WriteProcessMemory request was completed. (0x12B)
[1123/171241.164:ERROR:process_reader_win.cc(242)] ReadMemory at 0x7ffa06564760 of 512 bytes failed: Only part of a ReadProcessMemory or WriteProcessMemory request was completed. (0x12B)
[1123/171241.164:ERROR:process_reader_win.cc(242)] ReadMemory at 0x7ffa06acdfe2 of 512 bytes failed: Only part of a ReadProcessMemory or WriteProcessMemory request was completed. (0x12B)
[1123/171241.164:ERROR:process_reader_win.cc(242)] ReadMemory at 0x7ffa07cce520 of 512 bytes failed: Only part of a ReadProcessMemory or WriteProcessMemory request was completed. (0x12B)
[1123/171241.164:ERROR:process_reader_win.cc(242)] ReadMemory at 0x7ffa0a236f97 of 512 bytes failed: Only part of a ReadProcessMemory or WriteProcessMemory request was completed. (0x12B)
[1123/171241.164:ERROR:process_reader_win.cc(242)] ReadMemory at 0x7ffa0a6e52f0 of 512 bytes failed: Only part of a ReadProcessMemory or WriteProcessMemory request was completed. (0x12B)
[1123/171241.164:ERROR:process_reader_win.cc(242)] ReadMemory at 0x7ffa0aec67a0 of 672 bytes failed: Only part of a ReadProcessMemory or WriteProcessMemory request was completed. (0x12B)
[1123/171241.164:ERROR:process_reader_win.cc(242)] ReadMemory at 0x7ffa1e8ee9d8 of 512 bytes failed: Only part of a ReadProcessMemory or WriteProcessMemory request was completed. (0x12B)
[1123/171241.164:ERROR:process_reader_win.cc(242)] ReadMemory at 0x7ffa1e8efa9b of 512 bytes failed: Only part of a ReadProcessMemory or WriteProcessMemory request was completed. (0x12B)
[1123/171241.165:ERROR:process_reader_win.cc(242)] ReadMemory at 0x7ffa35ff0000 of 384 bytes failed: Only part of a ReadProcessMemory or WriteProcessMemory request was completed. (0x12B)
[1123/171241.165:ERROR:process_reader_win.cc(242)] ReadMemory at 0x7ffa35ff74c0 of 18 bytes failed: Only part of a ReadProcessMemory or WriteProcessMemory request was completed. (0x12B)
[1123/171241.165:ERROR:process_reader_win.cc(242)] ReadMemory at 0x7ffa36025898 of 512 bytes failed: Only part of a ReadProcessMemory or WriteProcessMemory request was completed. (0x12B)
[1123/171241.165:ERROR:process_reader_win.cc(242)] ReadMemory at 0x7ffa36087a9a of 592 bytes failed: Only part of a ReadProcessMemory or WriteProcessMemory request was completed. (0x12B)
[1123/171241.165:ERROR:process_reader_win.cc(242)] ReadMemory at 0x7ffa3608951a of 560 bytes failed: Only part of a ReadProcessMemory or WriteProcessMemory request was completed. (0x12B)
[1123/171241.165:ERROR:process_reader_win.cc(242)] ReadMemory at 0x7ffa36119980 of 40 bytes failed: Only part of a ReadProcessMemory or WriteProcessMemory request was completed. (0x12B)
[1123/171241.165:ERROR:process_reader_win.cc(242)] ReadMemory at 0x7ffa3611cce0 of 48 bytes failed: Only part of a ReadProcessMemory or WriteProcessMemory request was completed. (0x12B)
[1123/171241.165:ERROR:process_reader_win.cc(242)] ReadMemory at 0x7ffa3611f3c0 of 64 bytes failed: Only part of a ReadProcessMemory or WriteProcessMemory request was completed. (0x12B)
[1123/171241.436:ERROR:scoped_process_suspend.cc(40)] NtResumeProcess: An attempt was made to access an exiting process. (0xc000010a)
